Building DAG of jobs...
Using shell: /bin/bash
Provided cores: 1 (use --cores to define parallelism)
Rules claiming more threads will be scaled down.
Job counts:
	count	jobs
	1	all
	1	mars_html
	1	mars_nb
	1	mars_rmd
	4

[Fri Oct 23 16:42:54 2020]
rule mars_html:
    output: results/mars.html
    log: logs/mars_html.log
    jobid: 2
    benchmark: benchmarks/mars_html.txt

Waiting at most 5 seconds for missing files.
MissingOutputException in line 21 of /Users/tsuyusakikouki/Desktop/elwood/Dev/preprocess-exercise/Snakefile:
Job completed successfully, but some output files are missing. Missing files after 5 seconds:
results/mars.html
This might be due to filesystem latency. If that is the case, consider to increase the wait time with --latency-wait.
  File "/Users/tsuyusakikouki/opt/anaconda3/envs/r-4.0/lib/python3.9/site-packages/snakemake/executors/__init__.py", line 566, in handle_job_success
  File "/Users/tsuyusakikouki/opt/anaconda3/envs/r-4.0/lib/python3.9/site-packages/snakemake/executors/__init__.py", line 243, in handle_job_success
Shutting down, this might take some time.
Exiting because a job execution failed. Look above for error message
Complete log: /Users/tsuyusakikouki/Desktop/elwood/Dev/preprocess-exercise/.snakemake/log/2020-10-23T164254.763336.snakemake.log
