Building DAG of jobs...
Using shell: /bin/bash
Provided cores: 1 (use --cores to define parallelism)
Rules claiming more threads will be scaled down.
Job counts:
	count	jobs
	1	all
	5	mars_papermill
	6

[Mon Oct 26 13:53:25 2020]
rule mars_papermill:
    input: results/mars.RData
    output: results/papermill_3.ipynb
    log: logs/papermill_3.log
    jobid: 4
    benchmark: benchmarks/papermill_3.txt
    wildcards: dim=3

[Mon Oct 26 13:53:40 2020]
Finished job 4.
1 of 6 steps (17%) done

[Mon Oct 26 13:53:40 2020]
rule mars_papermill:
    input: results/mars.RData
    output: results/papermill_5.ipynb
    log: logs/papermill_5.log
    jobid: 6
    benchmark: benchmarks/papermill_5.txt
    wildcards: dim=5

[Mon Oct 26 13:53:53 2020]
Finished job 6.
2 of 6 steps (33%) done

[Mon Oct 26 13:53:53 2020]
rule mars_papermill:
    input: results/mars.RData
    output: results/papermill_2.ipynb
    log: logs/papermill_2.log
    jobid: 3
    benchmark: benchmarks/papermill_2.txt
    wildcards: dim=2

[Mon Oct 26 13:54:05 2020]
Finished job 3.
3 of 6 steps (50%) done

[Mon Oct 26 13:54:05 2020]
rule mars_papermill:
    input: results/mars.RData
    output: results/papermill_6.ipynb
    log: logs/papermill_6.log
    jobid: 7
    benchmark: benchmarks/papermill_6.txt
    wildcards: dim=6

[Mon Oct 26 13:54:18 2020]
Finished job 7.
4 of 6 steps (67%) done

[Mon Oct 26 13:54:18 2020]
rule mars_papermill:
    input: results/mars.RData
    output: results/papermill_4.ipynb
    log: logs/papermill_4.log
    jobid: 5
    benchmark: benchmarks/papermill_4.txt
    wildcards: dim=4

[Mon Oct 26 13:54:31 2020]
Finished job 5.
5 of 6 steps (83%) done

[Mon Oct 26 13:54:31 2020]
localrule all:
    input: results/mars.ipynb, results/mars.RData, results/mars.html, results/papermill_2.ipynb, results/papermill_3.ipynb, results/papermill_4.ipynb, results/papermill_5.ipynb, results/papermill_6.ipynb, results/mars_rmd.html
    jobid: 0

[Mon Oct 26 13:54:31 2020]
Finished job 0.
6 of 6 steps (100%) done
Complete log: /Users/tsuyusakikouki/Desktop/elwood/Dev/preprocess-exercise/.snakemake/log/2020-10-26T135325.636098.snakemake.log
