Building DAG of jobs...
Using shell: /bin/bash
Provided cores: 1 (use --cores to define parallelism)
Rules claiming more threads will be scaled down.
Job counts:
	count	jobs
	1	all
	1	mars_rmd
	2

[Mon Oct 26 13:54:56 2020]
rule mars_rmd:
    input: data/count.txt.gz, data/expdesign.txt.gz
    output: results/mars_rmd.html
    log: logs/mars_rmd.log
    jobid: 8
    benchmark: benchmarks/mars_rmd.txt

[Mon Oct 26 13:54:57 2020]
Error in rule mars_rmd:
    jobid: 8
    output: results/mars_rmd.html
    log: logs/mars_rmd.log (check log file(s) for error message)

RuleException:
CalledProcessError in line 79 of /Users/tsuyusakikouki/Desktop/elwood/Dev/preprocess-exercise/Snakefile:
Command 'set -euo pipefail;  Rscript --vanilla -e 'rmarkdown::render("/Users/tsuyusakikouki/Desktop/elwood/Dev/preprocess-exercise/.snakemake/scripts/tmp9q2kbw1b.mars.Rmd", output_file="/Users/tsuyusakikouki/Desktop/elwood/Dev/preprocess-exercise/results/mars_rmd.html", quiet=TRUE, knit_root_dir = "/Users/tsuyusakikouki/Desktop/elwood/Dev/preprocess-exercise", params = list(rmd="/Users/tsuyusakikouki/Desktop/elwood/Dev/preprocess-exercise/.snakemake/scripts/tmp9q2kbw1b.mars.Rmd"))'' returned non-zero exit status 1.
  File "/Users/tsuyusakikouki/opt/anaconda3/envs/r-4.0/lib/python3.9/site-packages/snakemake/executors/__init__.py", line 2154, in run_wrapper
  File "/Users/tsuyusakikouki/Desktop/elwood/Dev/preprocess-exercise/Snakefile", line 79, in __rule_mars_rmd
  File "/Users/tsuyusakikouki/opt/anaconda3/envs/r-4.0/lib/python3.9/site-packages/snakemake/executors/__init__.py", line 551, in _callback
  File "/Users/tsuyusakikouki/opt/anaconda3/envs/r-4.0/lib/python3.9/concurrent/futures/thread.py", line 52, in run
  File "/Users/tsuyusakikouki/opt/anaconda3/envs/r-4.0/lib/python3.9/site-packages/snakemake/executors/__init__.py", line 537, in cached_or_run
  File "/Users/tsuyusakikouki/opt/anaconda3/envs/r-4.0/lib/python3.9/site-packages/snakemake/executors/__init__.py", line 2239, in run_wrapper
Shutting down, this might take some time.
Exiting because a job execution failed. Look above for error message
Complete log: /Users/tsuyusakikouki/Desktop/elwood/Dev/preprocess-exercise/.snakemake/log/2020-10-26T135456.531521.snakemake.log
