Building DAG of jobs...
Using shell: /bin/bash
Provided cores: 4
Rules claiming more threads will be scaled down.
Conda environments: ignored
Job counts:
	count	jobs
	1	all
	1	mars_html
	1	mars_nb
	5	mars_papermill
	1	mars_rmd
	9

[Fri Oct 30 18:06:03 2020]
rule mars_rmd:
    input: data/count.txt.gz, data/expdesign.txt.gz
    output: results/mars_rmd.html
    log: logs/mars_rmd.log
    jobid: 8
    benchmark: benchmarks/mars_rmd.txt


[Fri Oct 30 18:06:03 2020]
rule mars_nb:
    input: data/count.txt.gz, data/expdesign.txt.gz
    output: results/mars.ipynb, results/mars.RData
    log: logs/mars_nb.log
    jobid: 1
    benchmark: benchmarks/mars_nb.txt


[Fri Oct 30 18:06:03 2020]
rule mars_html:
    input: data/count.txt.gz, data/expdesign.txt.gz
    output: results/mars.html
    log: logs/mars_html.log
    jobid: 2
    benchmark: benchmarks/mars_html.txt

[Fri Oct 30 18:10:38 2020]
Finished job 1.
1 of 9 steps (11%) done

[Fri Oct 30 18:10:38 2020]
rule mars_papermill:
    input: results/mars.RData
    output: results/papermill_4.ipynb
    log: logs/papermill_4.log
    jobid: 5
    benchmark: benchmarks/papermill_4.txt
    wildcards: dim=4


[Fri Oct 30 18:10:38 2020]
rule mars_papermill:
    input: results/mars.RData
    output: results/papermill_6.ipynb
    log: logs/papermill_6.log
    jobid: 7
    benchmark: benchmarks/papermill_6.txt
    wildcards: dim=6

[Fri Oct 30 18:10:40 2020]
Finished job 2.
2 of 9 steps (22%) done

[Fri Oct 30 18:10:40 2020]
rule mars_papermill:
    input: results/mars.RData
    output: results/papermill_5.ipynb
    log: logs/papermill_5.log
    jobid: 6
    benchmark: benchmarks/papermill_5.txt
    wildcards: dim=5

[Fri Oct 30 18:10:47 2020]
Finished job 8.
3 of 9 steps (33%) done

[Fri Oct 30 18:10:47 2020]
rule mars_papermill:
    input: results/mars.RData
    output: results/papermill_2.ipynb
    log: logs/papermill_2.log
    jobid: 3
    benchmark: benchmarks/papermill_2.txt
    wildcards: dim=2

[Fri Oct 30 18:11:01 2020]
Finished job 5.
4 of 9 steps (44%) done

[Fri Oct 30 18:11:01 2020]
rule mars_papermill:
    input: results/mars.RData
    output: results/papermill_3.ipynb
    log: logs/papermill_3.log
    jobid: 4
    benchmark: benchmarks/papermill_3.txt
    wildcards: dim=3

[Fri Oct 30 18:11:01 2020]
Finished job 6.
5 of 9 steps (56%) done
[Fri Oct 30 18:11:02 2020]
Finished job 7.
6 of 9 steps (67%) done
[Fri Oct 30 18:11:06 2020]
Finished job 3.
7 of 9 steps (78%) done
[Fri Oct 30 18:11:17 2020]
Finished job 4.
8 of 9 steps (89%) done

[Fri Oct 30 18:11:17 2020]
localrule all:
    input: results/mars.ipynb, results/mars.RData, results/mars.html, results/papermill_2.ipynb, results/papermill_3.ipynb, results/papermill_4.ipynb, results/papermill_5.ipynb, results/papermill_6.ipynb, results/mars_rmd.html
    jobid: 0

[Fri Oct 30 18:11:17 2020]
Finished job 0.
9 of 9 steps (100%) done
Complete log: /Users/tsuyusakikouki/Desktop/elwood/Dev/preprocess-exercise/.snakemake/log/2020-10-30T180603.331475.snakemake.log
