Building DAG of jobs...
Using shell: /bin/bash
Provided cores: 1 (use --cores to define parallelism)
Rules claiming more threads will be scaled down.
Job counts:
	count	jobs
	1	all
	5	mars_papermill
	6

[Fri Oct 23 18:18:30 2020]
rule mars_papermill:
    input: results/mars.RData
    output: results/papermill_6.ipynb
    log: logs/papermill_6.log
    jobid: 7
    benchmark: benchmarks/papermill_6.txt
    wildcards: dim=6

[Fri Oct 23 18:18:44 2020]
Finished job 7.
1 of 6 steps (17%) done

[Fri Oct 23 18:18:44 2020]
rule mars_papermill:
    input: results/mars.RData
    output: results/papermill_2.ipynb
    log: logs/papermill_2.log
    jobid: 3
    benchmark: benchmarks/papermill_2.txt
    wildcards: dim=2

[Fri Oct 23 18:18:58 2020]
Finished job 3.
2 of 6 steps (33%) done

[Fri Oct 23 18:18:58 2020]
rule mars_papermill:
    input: results/mars.RData
    output: results/papermill_5.ipynb
    log: logs/papermill_5.log
    jobid: 6
    benchmark: benchmarks/papermill_5.txt
    wildcards: dim=5

[Fri Oct 23 18:19:14 2020]
Finished job 6.
3 of 6 steps (50%) done

[Fri Oct 23 18:19:14 2020]
rule mars_papermill:
    input: results/mars.RData
    output: results/papermill_4.ipynb
    log: logs/papermill_4.log
    jobid: 5
    benchmark: benchmarks/papermill_4.txt
    wildcards: dim=4

[Fri Oct 23 18:19:30 2020]
Finished job 5.
4 of 6 steps (67%) done

[Fri Oct 23 18:19:30 2020]
rule mars_papermill:
    input: results/mars.RData
    output: results/papermill_3.ipynb
    log: logs/papermill_3.log
    jobid: 4
    benchmark: benchmarks/papermill_3.txt
    wildcards: dim=3

[Fri Oct 23 18:19:45 2020]
Finished job 4.
5 of 6 steps (83%) done

[Fri Oct 23 18:19:45 2020]
localrule all:
    input: results/mars.ipynb, results/mars.RData, results/mars.html, results/papermill_2.ipynb, results/papermill_3.ipynb, results/papermill_4.ipynb, results/papermill_5.ipynb, results/papermill_6.ipynb
    jobid: 0

[Fri Oct 23 18:19:45 2020]
Finished job 0.
6 of 6 steps (100%) done
Complete log: /Users/tsuyusakikouki/Desktop/elwood/Dev/preprocess-exercise/.snakemake/log/2020-10-23T181830.508260.snakemake.log
