Building DAG of jobs...
Using shell: /bin/bash
Provided cores: 1 (use --cores to define parallelism)
Rules claiming more threads will be scaled down.
Conda environments: ignored
Job counts:
	count	jobs
	1	all
	5	mars_papermill
	1	mars_rmd
	7

[Mon Oct 26 14:23:58 2020]
rule mars_rmd:
    input: data/count.txt.gz, data/expdesign.txt.gz
    output: results/mars_rmd.html
    log: logs/mars_rmd.log
    jobid: 8
    benchmark: benchmarks/mars_rmd.txt

[Mon Oct 26 14:27:27 2020]
Finished job 8.
1 of 7 steps (14%) done

[Mon Oct 26 14:27:27 2020]
rule mars_papermill:
    input: results/mars.RData
    output: results/papermill_3.ipynb
    log: logs/papermill_3.log
    jobid: 4
    benchmark: benchmarks/papermill_3.txt
    wildcards: dim=3

[Mon Oct 26 14:27:41 2020]
Finished job 4.
2 of 7 steps (29%) done

[Mon Oct 26 14:27:41 2020]
rule mars_papermill:
    input: results/mars.RData
    output: results/papermill_2.ipynb
    log: logs/papermill_2.log
    jobid: 3
    benchmark: benchmarks/papermill_2.txt
    wildcards: dim=2

[Mon Oct 26 14:27:54 2020]
Finished job 3.
3 of 7 steps (43%) done

[Mon Oct 26 14:27:54 2020]
rule mars_papermill:
    input: results/mars.RData
    output: results/papermill_5.ipynb
    log: logs/papermill_5.log
    jobid: 6
    benchmark: benchmarks/papermill_5.txt
    wildcards: dim=5

[Mon Oct 26 14:28:07 2020]
Finished job 6.
4 of 7 steps (57%) done

[Mon Oct 26 14:28:07 2020]
rule mars_papermill:
    input: results/mars.RData
    output: results/papermill_6.ipynb
    log: logs/papermill_6.log
    jobid: 7
    benchmark: benchmarks/papermill_6.txt
    wildcards: dim=6

[Mon Oct 26 14:28:20 2020]
Finished job 7.
5 of 7 steps (71%) done

[Mon Oct 26 14:28:20 2020]
rule mars_papermill:
    input: results/mars.RData
    output: results/papermill_4.ipynb
    log: logs/papermill_4.log
    jobid: 5
    benchmark: benchmarks/papermill_4.txt
    wildcards: dim=4

[Mon Oct 26 14:28:35 2020]
Finished job 5.
6 of 7 steps (86%) done

[Mon Oct 26 14:28:35 2020]
localrule all:
    input: results/mars.ipynb, results/mars.RData, results/mars.html, results/papermill_2.ipynb, results/papermill_3.ipynb, results/papermill_4.ipynb, results/papermill_5.ipynb, results/papermill_6.ipynb, results/mars_rmd.html
    jobid: 0

[Mon Oct 26 14:28:35 2020]
Finished job 0.
7 of 7 steps (100%) done
Complete log: /Users/tsuyusakikouki/Desktop/elwood/Dev/preprocess-exercise/.snakemake/log/2020-10-26T142358.380330.snakemake.log
