Building DAG of jobs...
Using shell: /bin/bash
Provided cores: 1 (use --cores to define parallelism)
Rules claiming more threads will be scaled down.
Job counts:
	count	jobs
	1	all
	1	mars
	2

[Thu Oct 22 16:10:34 2020]
rule mars:
    output: results/mars.RData
    log: logs/mars.log, logs/mars.ipynb
    jobid: 1
    benchmark: benchmarks/mars.txt

[Thu Oct 22 16:10:47 2020]
Finished job 1.
1 of 2 steps (50%) done

[Thu Oct 22 16:10:47 2020]
localrule all:
    input: results/mars.RData
    jobid: 0

[Thu Oct 22 16:10:47 2020]
Finished job 0.
2 of 2 steps (100%) done
Complete log: /Users/tsuyusakikouki/Desktop/elwood/Dev/preprocess-exercise/.snakemake/log/2020-10-22T161033.994001.snakemake.log
